<?xml version="1.0" ?>
<!DOCTYPE coverage SYSTEM "http://cobertura.sourceforge.net/xml/coverage-04.dtd">
<coverage lines-valid="24" lines-covered="14" line-rate="0.5832999999999999" branches-valid="18" branches-covered="8" branch-rate="0.44439999999999996" timestamp="1537701601981" complexity="0" version="0.1">
  <sources>
    <source>/Users/lukaszsemik/Desktop/family-dashboard/family-dashboard-backend</source>
  </sources>
  <packages>
    <package name="family-dashboard-backend" line-rate="0.5714" branch-rate="0.5">
      <classes>
        <class name="ormconfig.js" filename="ormconfig.js" line-rate="0.5714" branch-rate="0.5">
          <methods>
          </methods>
          <lines>
            <line number="1" hits="1" branch="false"/>
            <line number="3" hits="1" branch="false"/>
            <line number="20" hits="1" branch="true" condition-coverage="50% (1/2)"/>
            <line number="21" hits="0" branch="false"/>
            <line number="22" hits="0" branch="false"/>
            <line number="24" hits="0" branch="false"/>
            <line number="40" hits="1" branch="false"/>
          </lines>
        </class>
      </classes>
    </package>
    <package name="family-dashboard-backend.config" line-rate="0.5882000000000001" branch-rate="0.4375">
      <classes>
        <class name="config.js" filename="config/config.js" line-rate="0.5882000000000001" branch-rate="0.4375">
          <methods>
            <method name="(anonymous_0)" hits="8" signature="()V">
              <lines>
                <line number="30" hits="8"/>
              </lines>
            </method>
            <method name="(anonymous_1)" hits="0" signature="()V">
              <lines>
                <line number="46" hits="0"/>
              </lines>
            </method>
          </methods>
          <lines>
            <line number="1" hits="1" branch="true" condition-coverage="50% (1/2)"/>
            <line number="2" hits="1" branch="false"/>
            <line number="16" hits="1" branch="false"/>
            <line number="18" hits="1" branch="true" condition-coverage="50% (1/2)"/>
            <line number="19" hits="1" branch="false"/>
            <line number="30" hits="1" branch="false"/>
            <line number="31" hits="8" branch="true" condition-coverage="50% (1/2)"/>
            <line number="32" hits="0" branch="false"/>
            <line number="37" hits="1" branch="true" condition-coverage="75% (3/4)"/>
            <line number="38" hits="0" branch="true" condition-coverage="0% (0/2)"/>
            <line number="39" hits="0" branch="false"/>
            <line number="43" hits="1" branch="true" condition-coverage="50% (1/2)"/>
            <line number="44" hits="0" branch="false"/>
            <line number="46" hits="0" branch="false"/>
            <line number="47" hits="0" branch="true" condition-coverage="0% (0/2)"/>
            <line number="48" hits="0" branch="false"/>
            <line number="53" hits="1" branch="false"/>
          </lines>
        </class>
      </classes>
    </package>
  </packages>
</coverage>
